<?xml version="1.0" encoding="UTF-8"?>
<!-- Generated by org.testng.reporters.JUnitReportReporter -->
<testsuite hostname="jsevic" failures="0" tests="1" name="apiTasks.apiTask3" time="4.218" errors="0" timestamp="2022-01-24T12:52:54 CET" skipped="0">
  <testcase classname="apiTasks.apiTask3" name="f" time="4.218"/>
  <system-out/>
</testsuite> <!-- apiTasks.apiTask3 -->
