<?xml version="1.0" encoding="UTF-8"?>
<!-- Generated by org.testng.reporters.JUnitReportReporter -->
<testsuite hostname="jsevic" failures="0" tests="1" name="apiTasks.apiTask2" time="3.503" errors="0" timestamp="2022-01-24T13:02:13 CET" skipped="0">
  <testcase classname="apiTasks.apiTask2" name="f" time="3.503"/>
  <system-out/>
</testsuite> <!-- apiTasks.apiTask2 -->
