<?xml version="1.0" encoding="UTF-8"?>
<!-- Generated by org.testng.reporters.JUnitReportReporter -->
<testsuite hostname="jsevic" failures="0" tests="1" name="apiTasks.apiTask1" time="3.938" errors="0" timestamp="2022-01-24T01:17:01 CET" skipped="0">
  <testcase classname="apiTasks.apiTask1" name="f" time="3.938"/>
  <system-out/>
</testsuite> <!-- apiTasks.apiTask1 -->
