<?xml version="1.0" encoding="UTF-8"?>
<!-- Generated by org.testng.reporters.JUnitReportReporter -->
<testsuite hostname="jsevic" failures="0" tests="1" name="apiTasks.apiTask3" time="2.025" errors="0" timestamp="2022-01-24T13:02:13 CET" skipped="0">
  <testcase classname="apiTasks.apiTask3" name="f" time="2.025"/>
  <system-out/>
</testsuite> <!-- apiTasks.apiTask3 -->
